<?xml version="1.0" encoding="UTF-8"?>
<!-- Generated by org.testng.reporters.JUnitReportReporter -->
<testsuite skipped="0" hostname="welcome-PC" name="LeakBot.UpdateCredentials.LeakBotUpdateCredentials" tests="2" failures="0" timestamp="20 Jan 2019 18:05:02 GMT" time="6.399" errors="0">
  <testcase name="testmethod" time="0.516" classname="LeakBot.UpdateCredentials.LeakBotUpdateCredentials"/>
  <testcase name="testmethod" time="5.883" classname="LeakBot.UpdateCredentials.LeakBotUpdateCredentials"/>
</testsuite> <!-- LeakBot.UpdateCredentials.LeakBotUpdateCredentials -->
