<?xml version="1.0" encoding="UTF-8"?>
<!-- Generated by org.testng.reporters.JUnitReportReporter -->
<testsuite skipped="0" hostname="welcome-PC" name="LeakBot.UpdateCredentials.LeakBotUpdateCredentials" tests="1" failures="0" timestamp="20 Jan 2019 23:06:28 GMT" time="7.138" errors="0">
  <testcase name="testmethod" time="7.138" classname="LeakBot.UpdateCredentials.LeakBotUpdateCredentials"/>
</testsuite> <!-- LeakBot.UpdateCredentials.LeakBotUpdateCredentials -->
